Copyright 1986-2021 Xilinx, Inc. All Rights Reserved.
------------------------------------------------------------------------------------
| Tool Version : Vivado v.2021.2 (win64) Build 3367213 Tue Oct 19 02:48:09 MDT 2021
| Date         : Wed May 25 13:17:05 2022
| Host         : JYPC running 64-bit major release  (build 9200)
| Command      : report_clock_utilization -file wordle_clock_utilization_routed.rpt
| Design       : wordle
| Device       : 7a100t-fgg484
| Speed File   : -1  PRODUCTION 1.23 2018-06-13
| Design State : Routed
------------------------------------------------------------------------------------

Clock Utilization Report

Table of Contents
-----------------
1. Clock Primitive Utilization
2. Global Clock Resources
3. Global Clock Source Details
4. Clock Regions: Key Resource Utilization
5. Clock Regions : Global Clock Summary
6. Device Cell Placement Summary for Global Clock g0
7. Device Cell Placement Summary for Global Clock g1
8. Device Cell Placement Summary for Global Clock g2
9. Device Cell Placement Summary for Global Clock g3
10. Clock Region Cell Placement per Global Clock: Region X0Y1
11. Clock Region Cell Placement per Global Clock: Region X1Y1
12. Clock Region Cell Placement per Global Clock: Region X0Y2
13. Clock Region Cell Placement per Global Clock: Region X1Y2
14. Clock Region Cell Placement per Global Clock: Region X0Y3

1. Clock Primitive Utilization
------------------------------

+----------+------+-----------+-----+--------------+--------+
| Type     | Used | Available | LOC | Clock Region | Pblock |
+----------+------+-----------+-----+--------------+--------+
| BUFGCTRL |    4 |        32 |   0 |            0 |      0 |
| BUFH     |    0 |        96 |   0 |            0 |      0 |
| BUFIO    |    0 |        24 |   0 |            0 |      0 |
| BUFMR    |    0 |        12 |   0 |            0 |      0 |
| BUFR     |    0 |        24 |   0 |            0 |      0 |
| MMCM     |    0 |         6 |   0 |            0 |      0 |
| PLL      |    0 |         6 |   0 |            0 |      0 |
+----------+------+-----------+-----+--------------+--------+


2. Global Clock Resources
-------------------------

+-----------+-----------+-----------------+------------+---------------+--------------+-------------------+-------------+-----------------+--------------+-------+----------------------------+----------------------------+
| Global Id | Source Id | Driver Type/Pin | Constraint | Site          | Clock Region | Load Clock Region | Clock Loads | Non-Clock Loads | Clock Period | Clock | Driver Pin                 | Net                        |
+-----------+-----------+-----------------+------------+---------------+--------------+-------------------+-------------+-----------------+--------------+-------+----------------------------+----------------------------+
| g0        | src0      | BUFG/O          | None       | BUFGCTRL_X0Y0 | n/a          |                 5 |         262 |               0 |              |       | clk_IBUF_BUFG_inst/O       | clk_IBUF_BUFG              |
| g1        | src1      | BUFG/O          | None       | BUFGCTRL_X0Y1 | n/a          |                 2 |         200 |               0 |              |       | scan_cnt_reg[2]_i_2/O      | scan_cnt_reg[2]_i_2_n_0    |
| g2        | src2      | BUFG/O          | None       | BUFGCTRL_X0Y2 | n/a          |                 2 |         171 |               0 |              |       | scan_cnt_reg[2]_i_2__0/O   | scan_cnt_reg[2]_i_2__0_n_0 |
| g3        | src3      | BUFG/O          | None       | BUFGCTRL_X0Y3 | n/a          |                 1 |          69 |               0 |              |       | clkout_reg_n_0_BUFG_inst/O | clkout_reg_n_0_BUFG        |
+-----------+-----------+-----------------+------------+---------------+--------------+-------------------+-------------+-----------------+--------------+-------+----------------------------+----------------------------+
* Clock Loads column represents the clock pin loads (pin count)
** Non-Clock Loads column represents the non-clock pin loads (pin count)


3. Global Clock Source Details
------------------------------

+-----------+-----------+-----------------+------------+--------------+--------------+-------------+-----------------+---------------------+--------------+-----------------+------------------------------+
| Source Id | Global Id | Driver Type/Pin | Constraint | Site         | Clock Region | Clock Loads | Non-Clock Loads | Source Clock Period | Source Clock | Driver Pin      | Net                          |
+-----------+-----------+-----------------+------------+--------------+--------------+-------------+-----------------+---------------------+--------------+-----------------+------------------------------+
| src0      | g0        | IBUF/O          | IOB_X0Y74  | IOB_X0Y74    | X0Y1         |           1 |               0 |                     |              | clk_IBUF_inst/O | clk_IBUF                     |
| src1      | g1        | FDRE/Q          | None       | SLICE_X57Y96 | X1Y1         |           1 |               1 |                     |              | s3/clkout_reg/Q | s3/clkout_reg_0              |
| src2      | g2        | FDRE/Q          | None       | SLICE_X52Y96 | X1Y1         |           1 |               1 |                     |              | s2/clkout_reg/Q | s2/clkout_reg_0              |
| src3      | g3        | FDRE/Q          | None       | SLICE_X48Y96 | X0Y1         |           1 |               1 |                     |              | clkout_reg/Q    | clkout_reg_n_0_BUFG_inst_n_0 |
+-----------+-----------+-----------------+------------+--------------+--------------+-------------+-----------------+---------------------+--------------+-----------------+------------------------------+
* Clock Loads column represents the clock pin loads (pin count)
** Non-Clock Loads column represents the non-clock pin loads (pin count)


4. Clock Regions: Key Resource Utilization
------------------------------------------

+-------------------+--------------+--------------+--------------+--------------+--------------+--------------+--------------+--------------+--------------+--------------+--------------+--------------+--------------+--------------+--------------+
|                   | Global Clock |     BUFRs    |    BUFMRs    |    BUFIOs    |     MMCM     |      PLL     |      GT      |      PCI     |    ILOGIC    |    OLOGIC    |      FF      |     LUTM     |    RAMB18    |    RAMB36    |    DSP48E2   |
+-------------------+------+-------+------+-------+------+-------+------+-------+------+-------+------+-------+------+-------+------+-------+------+-------+------+-------+------+-------+------+-------+------+-------+------+-------+------+-------+
| Clock Region Name | Used | Avail | Used | Avail | Used | Avail | Used | Avail | Used | Avail | Used | Avail | Used | Avail | Used | Avail | Used | Avail | Used | Avail | Used | Avail | Used | Avail | Used | Avail | Used | Avail | Used | Avail |
+-------------------+------+-------+------+-------+------+-------+------+-------+------+-------+------+-------+------+-------+------+-------+------+-------+------+-------+------+-------+------+-------+------+-------+------+-------+------+-------+
| X0Y0              |    0 |    12 |    0 |     4 |    0 |     2 |    0 |     4 |    0 |     1 |    0 |     1 |    0 |     0 |    0 |     0 |    0 |    50 |    0 |    50 |    0 |  2600 |    0 |   600 |    0 |    20 |    0 |    10 |    0 |    20 |
| X1Y0              |    0 |    12 |    0 |     0 |    0 |     0 |    0 |     0 |    0 |     0 |    0 |     0 |    0 |     4 |    0 |     0 |    0 |     0 |    0 |     0 |    0 |  1500 |    0 |   550 |    0 |    40 |    0 |    20 |    0 |    40 |
| X0Y1              |    1 |    12 |    0 |     4 |    0 |     2 |    0 |     4 |    0 |     1 |    0 |     1 |    0 |     0 |    0 |     0 |    0 |    50 |    0 |    50 |   30 |  2000 |    0 |   600 |    0 |    20 |    0 |    10 |    0 |    20 |
| X1Y1              |    1 |    12 |    0 |     4 |    0 |     2 |    0 |     4 |    0 |     1 |    0 |     1 |    0 |     0 |    0 |     0 |    0 |    50 |    0 |    50 |   63 |  1900 |   28 |   650 |    0 |    60 |    0 |    30 |    0 |    40 |
| X0Y2              |    4 |    12 |    0 |     4 |    0 |     2 |    0 |     4 |    0 |     1 |    0 |     1 |    0 |     0 |    0 |     0 |    0 |    50 |    0 |    50 |  366 |  2000 |  163 |   600 |    0 |    20 |    0 |    10 |    0 |    20 |
| X1Y2              |    1 |    12 |    0 |     4 |    0 |     2 |    0 |     4 |    0 |     1 |    0 |     1 |    0 |     0 |    0 |     0 |    0 |    50 |    0 |    50 |    3 |  1900 |    3 |   650 |    0 |    60 |    0 |    30 |    0 |    40 |
| X0Y3              |    3 |    12 |    0 |     4 |    0 |     2 |    0 |     4 |    0 |     1 |    0 |     1 |    0 |     0 |    0 |     0 |    0 |    50 |    0 |    50 |  240 |  2600 |   75 |   600 |    0 |    20 |    0 |    10 |    0 |    20 |
| X1Y3              |    0 |    12 |    0 |     0 |    0 |     0 |    0 |     0 |    0 |     0 |    0 |     0 |    0 |     4 |    0 |     1 |    0 |     0 |    0 |     0 |    0 |  1350 |    0 |   500 |    0 |    30 |    0 |    15 |    0 |    40 |
+-------------------+------+-------+------+-------+------+-------+------+-------+------+-------+------+-------+------+-------+------+-------+------+-------+------+-------+------+-------+------+-------+------+-------+------+-------+------+-------+
* Global Clock column represents track count; while other columns represents cell counts


5. Clock Regions : Global Clock Summary
---------------------------------------

All Modules
+----+----+----+
|    | X0 | X1 |
+----+----+----+
| Y3 |  3 |  0 |
| Y2 |  4 |  1 |
| Y1 |  1 |  1 |
| Y0 |  0 |  0 |
+----+----+----+


6. Device Cell Placement Summary for Global Clock g0
----------------------------------------------------

+-----------+-----------------+-------------------+-------+-------------+---------------+-------------+----------+----------------+----------+---------------+
| Global Id | Driver Type/Pin | Driver Region (D) | Clock | Period (ns) | Waveform (ns) | Slice Loads | IO Loads | Clocking Loads | GT Loads | Net           |
+-----------+-----------------+-------------------+-------+-------------+---------------+-------------+----------+----------------+----------+---------------+
| g0        | BUFG/O          | n/a               |       |             |               |         262 |        0 |              0 |        0 | clk_IBUF_BUFG |
+-----------+-----------------+-------------------+-------+-------------+---------------+-------------+----------+----------------+----------+---------------+
* Slice Loads column represents load cell count of all cell types other than IO, GT and clock resources
** IO Loads column represents load cell count of IO types
*** Clocking Loads column represents load cell count that are clock resources (global clock buffer, MMCM, PLL, etc)
**** GT Loads column represents load cell count of GT types


+----+------+-----+-----------------------+
|    | X0   | X1  | HORIZONTAL PROG DELAY |
+----+------+-----+-----------------------+
| Y3 |  136 |   0 |                     0 |
| Y2 |   30 |   3 |                     0 |
| Y1 |   30 |  63 |                     0 |
| Y0 |    0 |   0 |                     - |
+----+------+-----+-----------------------+


7. Device Cell Placement Summary for Global Clock g1
----------------------------------------------------

+-----------+-----------------+-------------------+-------+-------------+---------------+-------------+----------+----------------+----------+-------------------------+
| Global Id | Driver Type/Pin | Driver Region (D) | Clock | Period (ns) | Waveform (ns) | Slice Loads | IO Loads | Clocking Loads | GT Loads | Net                     |
+-----------+-----------------+-------------------+-------+-------------+---------------+-------------+----------+----------------+----------+-------------------------+
| g1        | BUFG/O          | n/a               |       |             |               |         200 |        0 |              0 |        0 | scan_cnt_reg[2]_i_2_n_0 |
+-----------+-----------------+-------------------+-------+-------------+---------------+-------------+----------+----------------+----------+-------------------------+
* Slice Loads column represents load cell count of all cell types other than IO, GT and clock resources
** IO Loads column represents load cell count of IO types
*** Clocking Loads column represents load cell count that are clock resources (global clock buffer, MMCM, PLL, etc)
**** GT Loads column represents load cell count of GT types


+----+------+----+-----------------------+
|    | X0   | X1 | HORIZONTAL PROG DELAY |
+----+------+----+-----------------------+
| Y3 |    3 |  0 |                     0 |
| Y2 |  197 |  0 |                     0 |
| Y1 |    0 |  0 |                     - |
| Y0 |    0 |  0 |                     - |
+----+------+----+-----------------------+


8. Device Cell Placement Summary for Global Clock g2
----------------------------------------------------

+-----------+-----------------+-------------------+-------+-------------+---------------+-------------+----------+----------------+----------+----------------------------+
| Global Id | Driver Type/Pin | Driver Region (D) | Clock | Period (ns) | Waveform (ns) | Slice Loads | IO Loads | Clocking Loads | GT Loads | Net                        |
+-----------+-----------------+-------------------+-------+-------------+---------------+-------------+----------+----------------+----------+----------------------------+
| g2        | BUFG/O          | n/a               |       |             |               |         171 |        0 |              0 |        0 | scan_cnt_reg[2]_i_2__0_n_0 |
+-----------+-----------------+-------------------+-------+-------------+---------------+-------------+----------+----------------+----------+----------------------------+
* Slice Loads column represents load cell count of all cell types other than IO, GT and clock resources
** IO Loads column represents load cell count of IO types
*** Clocking Loads column represents load cell count that are clock resources (global clock buffer, MMCM, PLL, etc)
**** GT Loads column represents load cell count of GT types


+----+------+----+-----------------------+
|    | X0   | X1 | HORIZONTAL PROG DELAY |
+----+------+----+-----------------------+
| Y3 |  101 |  0 |                     0 |
| Y2 |   70 |  0 |                     0 |
| Y1 |    0 |  0 |                     - |
| Y0 |    0 |  0 |                     - |
+----+------+----+-----------------------+


9. Device Cell Placement Summary for Global Clock g3
----------------------------------------------------

+-----------+-----------------+-------------------+-------+-------------+---------------+-------------+----------+----------------+----------+---------------------+
| Global Id | Driver Type/Pin | Driver Region (D) | Clock | Period (ns) | Waveform (ns) | Slice Loads | IO Loads | Clocking Loads | GT Loads | Net                 |
+-----------+-----------------+-------------------+-------+-------------+---------------+-------------+----------+----------------+----------+---------------------+
| g3        | BUFG/O          | n/a               |       |             |               |          69 |        0 |              0 |        0 | clkout_reg_n_0_BUFG |
+-----------+-----------------+-------------------+-------+-------------+---------------+-------------+----------+----------------+----------+---------------------+
* Slice Loads column represents load cell count of all cell types other than IO, GT and clock resources
** IO Loads column represents load cell count of IO types
*** Clocking Loads column represents load cell count that are clock resources (global clock buffer, MMCM, PLL, etc)
**** GT Loads column represents load cell count of GT types


+----+-----+----+-----------------------+
|    | X0  | X1 | HORIZONTAL PROG DELAY |
+----+-----+----+-----------------------+
| Y3 |   0 |  0 |                     - |
| Y2 |  69 |  0 |                     0 |
| Y1 |   0 |  0 |                     - |
| Y0 |   0 |  0 |                     - |
+----+-----+----+-----------------------+


10. Clock Region Cell Placement per Global Clock: Region X0Y1
-------------------------------------------------------------

+-----------+-------+-----------------+------------+-------------+-----------------+----+-------------+------+-----+----+------+-----+---------+---------------+
| Global Id | Track | Driver Type/Pin | Constraint | Clock Loads | Non-Clock Loads | FF | Memory LUTs | RAMB | DSP | GT | MMCM | PLL | Hard IP | Net           |
+-----------+-------+-----------------+------------+-------------+-----------------+----+-------------+------+-----+----+------+-----+---------+---------------+
| g0        | n/a   | BUFG/O          | None       |          30 |               0 | 30 |           0 |    0 |   0 |  0 |    0 |   0 |       0 | clk_IBUF_BUFG |
+-----------+-------+-----------------+------------+-------------+-----------------+----+-------------+------+-----+----+------+-----+---------+---------------+
* Clock Loads column represents the clock pin loads (pin count)
** Non-Clock Loads column represents the non-clock pin loads (pin count)
*** Columns FF, LUTRAM, RAMB through 'Hard IP' represents load cell counts


11. Clock Region Cell Placement per Global Clock: Region X1Y1
-------------------------------------------------------------

+-----------+-------+-----------------+------------+-------------+-----------------+----+-------------+------+-----+----+------+-----+---------+---------------+
| Global Id | Track | Driver Type/Pin | Constraint | Clock Loads | Non-Clock Loads | FF | Memory LUTs | RAMB | DSP | GT | MMCM | PLL | Hard IP | Net           |
+-----------+-------+-----------------+------------+-------------+-----------------+----+-------------+------+-----+----+------+-----+---------+---------------+
| g0        | n/a   | BUFG/O          | None       |          63 |               0 | 63 |           0 |    0 |   0 |  0 |    0 |   0 |       0 | clk_IBUF_BUFG |
+-----------+-------+-----------------+------------+-------------+-----------------+----+-------------+------+-----+----+------+-----+---------+---------------+
* Clock Loads column represents the clock pin loads (pin count)
** Non-Clock Loads column represents the non-clock pin loads (pin count)
*** Columns FF, LUTRAM, RAMB through 'Hard IP' represents load cell counts


12. Clock Region Cell Placement per Global Clock: Region X0Y2
-------------------------------------------------------------

+-----------+-------+-----------------+------------+-------------+-----------------+-----+-------------+------+-----+----+------+-----+---------+----------------------------+
| Global Id | Track | Driver Type/Pin | Constraint | Clock Loads | Non-Clock Loads | FF  | Memory LUTs | RAMB | DSP | GT | MMCM | PLL | Hard IP | Net                        |
+-----------+-------+-----------------+------------+-------------+-----------------+-----+-------------+------+-----+----+------+-----+---------+----------------------------+
| g0        | n/a   | BUFG/O          | None       |          30 |               0 |  30 |           0 |    0 |   0 |  0 |    0 |   0 |       0 | clk_IBUF_BUFG              |
| g1        | n/a   | BUFG/O          | None       |         197 |               0 | 197 |           0 |    0 |   0 |  0 |    0 |   0 |       0 | scan_cnt_reg[2]_i_2_n_0    |
| g2        | n/a   | BUFG/O          | None       |          70 |               0 |  70 |           0 |    0 |   0 |  0 |    0 |   0 |       0 | scan_cnt_reg[2]_i_2__0_n_0 |
| g3        | n/a   | BUFG/O          | None       |          69 |               0 |  69 |           0 |    0 |   0 |  0 |    0 |   0 |       0 | clkout_reg_n_0_BUFG        |
+-----------+-------+-----------------+------------+-------------+-----------------+-----+-------------+------+-----+----+------+-----+---------+----------------------------+
* Clock Loads column represents the clock pin loads (pin count)
** Non-Clock Loads column represents the non-clock pin loads (pin count)
*** Columns FF, LUTRAM, RAMB through 'Hard IP' represents load cell counts


13. Clock Region Cell Placement per Global Clock: Region X1Y2
-------------------------------------------------------------

+-----------+-------+-----------------+------------+-------------+-----------------+----+-------------+------+-----+----+------+-----+---------+---------------+
| Global Id | Track | Driver Type/Pin | Constraint | Clock Loads | Non-Clock Loads | FF | Memory LUTs | RAMB | DSP | GT | MMCM | PLL | Hard IP | Net           |
+-----------+-------+-----------------+------------+-------------+-----------------+----+-------------+------+-----+----+------+-----+---------+---------------+
| g0        | n/a   | BUFG/O          | None       |           3 |               0 |  3 |           0 |    0 |   0 |  0 |    0 |   0 |       0 | clk_IBUF_BUFG |
+-----------+-------+-----------------+------------+-------------+-----------------+----+-------------+------+-----+----+------+-----+---------+---------------+
* Clock Loads column represents the clock pin loads (pin count)
** Non-Clock Loads column represents the non-clock pin loads (pin count)
*** Columns FF, LUTRAM, RAMB through 'Hard IP' represents load cell counts


14. Clock Region Cell Placement per Global Clock: Region X0Y3
-------------------------------------------------------------

+-----------+-------+-----------------+------------+-------------+-----------------+-----+-------------+------+-----+----+------+-----+---------+----------------------------+
| Global Id | Track | Driver Type/Pin | Constraint | Clock Loads | Non-Clock Loads | FF  | Memory LUTs | RAMB | DSP | GT | MMCM | PLL | Hard IP | Net                        |
+-----------+-------+-----------------+------------+-------------+-----------------+-----+-------------+------+-----+----+------+-----+---------+----------------------------+
| g0        | n/a   | BUFG/O          | None       |         136 |               0 | 136 |           0 |    0 |   0 |  0 |    0 |   0 |       0 | clk_IBUF_BUFG              |
| g1        | n/a   | BUFG/O          | None       |           3 |               0 |   3 |           0 |    0 |   0 |  0 |    0 |   0 |       0 | scan_cnt_reg[2]_i_2_n_0    |
| g2        | n/a   | BUFG/O          | None       |         101 |               0 | 101 |           0 |    0 |   0 |  0 |    0 |   0 |       0 | scan_cnt_reg[2]_i_2__0_n_0 |
+-----------+-------+-----------------+------------+-------------+-----------------+-----+-------------+------+-----+----+------+-----+---------+----------------------------+
* Clock Loads column represents the clock pin loads (pin count)
** Non-Clock Loads column represents the non-clock pin loads (pin count)
*** Columns FF, LUTRAM, RAMB through 'Hard IP' represents load cell counts



# Location of BUFG Primitives 
set_property LOC BUFGCTRL_X0Y1 [get_cells scan_cnt_reg[2]_i_2]
set_property LOC BUFGCTRL_X0Y2 [get_cells scan_cnt_reg[2]_i_2__0]
set_property LOC BUFGCTRL_X0Y3 [get_cells clkout_reg_n_0_BUFG_inst]
set_property LOC BUFGCTRL_X0Y0 [get_cells clk_IBUF_BUFG_inst]

# Location of IO Primitives which is load of clock spine

# Location of clock ports
set_property LOC IOB_X0Y74 [get_ports clk]

# Clock net "scan_cnt_reg[2]_i_2_n_0" driven by instance "scan_cnt_reg[2]_i_2" located at site "BUFGCTRL_X0Y1"
#startgroup
create_pblock {CLKAG_scan_cnt_reg[2]_i_2_n_0}
add_cells_to_pblock [get_pblocks  {CLKAG_scan_cnt_reg[2]_i_2_n_0}] [get_cells -filter { PRIMITIVE_GROUP != I/O && IS_PRIMITIVE==1 && PRIMITIVE_LEVEL !=INTERNAL } -of_object [get_pins -filter {DIRECTION==IN} -of_objects [get_nets -hierarchical -filter {PARENT=="scan_cnt_reg[2]_i_2_n_0"}]]]
resize_pblock [get_pblocks {CLKAG_scan_cnt_reg[2]_i_2_n_0}] -add {CLOCKREGION_X0Y2:CLOCKREGION_X0Y2 CLOCKREGION_X0Y3:CLOCKREGION_X0Y3}
#endgroup

# Clock net "scan_cnt_reg[2]_i_2__0_n_0" driven by instance "scan_cnt_reg[2]_i_2__0" located at site "BUFGCTRL_X0Y2"
#startgroup
create_pblock {CLKAG_scan_cnt_reg[2]_i_2__0_n_0}
add_cells_to_pblock [get_pblocks  {CLKAG_scan_cnt_reg[2]_i_2__0_n_0}] [get_cells -filter { PRIMITIVE_GROUP != I/O && IS_PRIMITIVE==1 && PRIMITIVE_LEVEL !=INTERNAL } -of_object [get_pins -filter {DIRECTION==IN} -of_objects [get_nets -hierarchical -filter {PARENT=="scan_cnt_reg[2]_i_2__0_n_0"}]]]
resize_pblock [get_pblocks {CLKAG_scan_cnt_reg[2]_i_2__0_n_0}] -add {CLOCKREGION_X0Y2:CLOCKREGION_X0Y2 CLOCKREGION_X0Y3:CLOCKREGION_X0Y3}
#endgroup

# Clock net "clkout_reg_n_0_BUFG" driven by instance "clkout_reg_n_0_BUFG_inst" located at site "BUFGCTRL_X0Y3"
#startgroup
create_pblock {CLKAG_clkout_reg_n_0_BUFG}
add_cells_to_pblock [get_pblocks  {CLKAG_clkout_reg_n_0_BUFG}] [get_cells -filter { PRIMITIVE_GROUP != I/O && IS_PRIMITIVE==1 && PRIMITIVE_LEVEL !=INTERNAL } -of_object [get_pins -filter {DIRECTION==IN} -of_objects [get_nets -hierarchical -filter {PARENT=="clkout_reg_n_0_BUFG"}]]]
resize_pblock [get_pblocks {CLKAG_clkout_reg_n_0_BUFG}] -add {CLOCKREGION_X0Y2:CLOCKREGION_X0Y2}
#endgroup

# Clock net "clk_IBUF_BUFG" driven by instance "clk_IBUF_BUFG_inst" located at site "BUFGCTRL_X0Y0"
#startgroup
create_pblock {CLKAG_clk_IBUF_BUFG}
add_cells_to_pblock [get_pblocks  {CLKAG_clk_IBUF_BUFG}] [get_cells -filter { PRIMITIVE_GROUP != I/O && IS_PRIMITIVE==1 && PRIMITIVE_LEVEL !=INTERNAL } -of_object [get_pins -filter {DIRECTION==IN} -of_objects [get_nets -hierarchical -filter {PARENT=="clk_IBUF_BUFG"}]]]
resize_pblock [get_pblocks {CLKAG_clk_IBUF_BUFG}] -add {CLOCKREGION_X0Y1:CLOCKREGION_X0Y1 CLOCKREGION_X0Y2:CLOCKREGION_X0Y2 CLOCKREGION_X0Y3:CLOCKREGION_X0Y3 CLOCKREGION_X1Y1:CLOCKREGION_X1Y1 CLOCKREGION_X1Y2:CLOCKREGION_X1Y2}
#endgroup
